spherical/build/outputs/logs/manifest-merger-debug-report.txt
-- Merging decision tree log ---
manifest
ADDED from PhysicsAndroid/spherical/AndroidManifest.xml:2:1-27:12
	package
		ADDED from PhysicsAndroid/spherical/AndroidManifest.xml:3:5-44
	android:versionName
		ADDED from PhysicsAndroid/spherical/AndroidManifest.xml:5:5-30
		INJECTED from PhysicsAndroid/spherical/AndroidManifest.xml
		INJECTED from PhysicsAndroid/spherical/AndroidManifest.xml
	android:versionCode
		ADDED from PhysicsAndroid/spherical/AndroidManifest.xml:4:5-28
		INJECTED from PhysicsAndroid/spherical/AndroidManifest.xml
		INJECTED from PhysicsAndroid/spherical/AndroidManifest.xml
	xmlns:android
		ADDED from PhysicsAndroid/spherical/AndroidManifest.xml:2:11-69
uses-sdk
ADDED from PhysicsAndroid/spherical/AndroidManifest.xml:7:5-9:40
	android:targetSdkVersion
		ADDED from PhysicsAndroid/spherical/AndroidManifest.xml:9:9-37
	android:minSdkVersion
		ADDED from PhysicsAndroid/spherical/AndroidManifest.xml:8:9-34
uses-feature#0x00020000
ADDED from PhysicsAndroid/spherical/AndroidManifest.xml:10:1-50
	android:glEsVersion
		ADDED from PhysicsAndroid/spherical/AndroidManifest.xml:10:15-47
application
ADDED from PhysicsAndroid/spherical/AndroidManifest.xml:11:5-26:19
	android:label
		ADDED from PhysicsAndroid/spherical/AndroidManifest.xml:14:9-41
	android:allowBackup
		ADDED from PhysicsAndroid/spherical/AndroidManifest.xml:12:9-35
	android:icon
		ADDED from PhysicsAndroid/spherical/AndroidManifest.xml:13:9-38
	android:theme
		ADDED from PhysicsAndroid/spherical/AndroidManifest.xml:15:9-40
activity#jp.ac.u_ryukyu.phys.spherical.SphericalActivity
ADDED from PhysicsAndroid/spherical/AndroidManifest.xml:16:9-25:20
	android:screenOrientation
		ADDED from PhysicsAndroid/spherical/AndroidManifest.xml:18:46-82
	android:label
		ADDED from PhysicsAndroid/spherical/AndroidManifest.xml:18:13-45
	android:name
		ADDED from PhysicsAndroid/spherical/AndroidManifest.xml:17:13-75
intent-filter#android.intent.action.MAIN+android.intent.category.LAUNCHER
ADDED from PhysicsAndroid/spherical/AndroidManifest.xml:19:13-23:29
action#android.intent.action.MAIN
ADDED from PhysicsAndroid/spherical/AndroidManifest.xml:20:17-69
	android:name
		ADDED from PhysicsAndroid/spherical/AndroidManifest.xml:20:25-66
category#android.intent.category.LAUNCHER
ADDED from PhysicsAndroid/spherical/AndroidManifest.xml:22:17-77
	android:name
		ADDED from PhysicsAndroid/spherical/AndroidManifest.xml:22:27-74